This file contains any messages produced by compilers while
running configure, to aid debugging if configure makes a mistake.

It was created by utdns configure 1.0.rUnversioned directory, which was
generated by GNU Autoconf 2.69.  Invocation command line was

  $ ./configure 

## --------- ##
## Platform. ##
## --------- ##

hostname = peterck
uname -m = x86_64
uname -r = 4.10.1-1-ck
uname -s = Linux
uname -v = #1 SMP PREEMPT Tue Feb 28 10:55:21 CET 2017

/usr/bin/uname -p = unknown
/bin/uname -X     = unknown

/bin/arch              = unknown
/usr/bin/arch -k       = unknown
/usr/convex/getsysinfo = unknown
/usr/bin/hostinfo      = unknown
/bin/machine           = unknown
/usr/bin/oslevel       = unknown
/bin/universe          = unknown

PATH: /usr/local/sbin
PATH: /usr/local/bin
PATH: /usr/bin
PATH: /usr/lib/jvm/default/bin
PATH: /usr/bin/site_perl
PATH: /usr/bin/vendor_perl
PATH: /usr/bin/core_perl


## ----------- ##
## Core tests. ##
## ----------- ##

configure:1833: checking for a BSD-compatible install
configure:1901: result: /usr/bin/install -c
configure:1912: checking whether build environment is sane
configure:1967: result: yes
configure:2118: checking for a thread-safe mkdir -p
configure:2157: result: /usr/bin/mkdir -p
configure:2164: checking for gawk
configure:2180: found /usr/bin/gawk
configure:2191: result: gawk
configure:2202: checking whether make sets $(MAKE)
configure:2224: result: yes
configure:2253: checking whether make supports nested variables
configure:2270: result: yes
configure:2446: checking for gcc
configure:2462: found /usr/bin/gcc
configure:2473: result: gcc
configure:2702: checking for C compiler version
configure:2711: gcc --version >&5
gcc (GCC) 6.3.1 20170109
Copyright (C) 2016 Free Software Foundation, Inc.
This is free software; see the source for copying conditions.  There is NO
warranty; not even for MERCHANTABILITY or FITNESS FOR A PARTICULAR PURPOSE.

configure:2722: $? = 0
configure:2711: gcc -v >&5
Using built-in specs.
COLLECT_GCC=gcc
COLLECT_LTO_WRAPPER=/usr/lib/gcc/x86_64-pc-linux-gnu/6.3.1/lto-wrapper
Target: x86_64-pc-linux-gnu
Configured with: /build/gcc-multilib/src/gcc/configure --prefix=/usr --libdir=/usr/lib --libexecdir=/usr/lib --mandir=/usr/share/man --infodir=/usr/share/info --with-bugurl=https://bugs.archlinux.org/ --enable-languages=c,c++,ada,fortran,go,lto,objc,obj-c++ --enable-shared --enable-threads=posix --enable-libmpx --with-system-zlib --with-isl --enable-__cxa_atexit --disable-libunwind-exceptions --enable-clocale=gnu --disable-libstdcxx-pch --disable-libssp --enable-gnu-unique-object --enable-linker-build-id --enable-lto --enable-plugin --enable-install-libiberty --with-linker-hash-style=gnu --enable-gnu-indirect-function --enable-multilib --disable-werror --enable-checking=release
Thread model: posix
gcc version 6.3.1 20170109 (GCC) 
configure:2722: $? = 0
configure:2711: gcc -V >&5
gcc: error: unrecognized command line option '-V'
gcc: fatal error: no input files
compilation terminated.
configure:2722: $? = 1
configure:2711: gcc -qversion >&5
gcc: error: unrecognized command line option '-qversion'; did you mean '--version'?
gcc: fatal error: no input files
compilation terminated.
configure:2722: $? = 1
configure:2742: checking whether the C compiler works
configure:2764: gcc  -Wall -Wextra   conftest.c  >&5
configure:2768: $? = 0
configure:2816: result: yes
configure:2819: checking for C compiler default output file name
configure:2821: result: a.out
configure:2827: checking for suffix of executables
configure:2834: gcc -o conftest  -Wall -Wextra   conftest.c  >&5
configure:2838: $? = 0
configure:2860: result: 
configure:2882: checking whether we are cross compiling
configure:2890: gcc -o conftest  -Wall -Wextra   conftest.c  >&5
configure:2894: $? = 0
configure:2901: ./conftest
configure:2905: $? = 0
configure:2920: result: no
configure:2925: checking for suffix of object files
configure:2947: gcc -c  -Wall -Wextra  conftest.c >&5
configure:2951: $? = 0
configure:2972: result: o
configure:2976: checking whether we are using the GNU C compiler
configure:2995: gcc -c  -Wall -Wextra  conftest.c >&5
configure:2995: $? = 0
configure:3004: result: yes
configure:3013: checking whether gcc accepts -g
configure:3033: gcc -c -g  conftest.c >&5
configure:3033: $? = 0
configure:3074: result: yes
configure:3091: checking for gcc option to accept ISO C89
configure:3154: gcc  -c  -Wall -Wextra  conftest.c >&5
configure:3154: $? = 0
configure:3167: result: none needed
configure:3192: checking whether gcc understands -c and -o together
configure:3214: gcc -c conftest.c -o conftest2.o
configure:3217: $? = 0
configure:3214: gcc -c conftest.c -o conftest2.o
configure:3217: $? = 0
configure:3229: result: yes
configure:3257: checking for style of include used by make
configure:3285: result: GNU
configure:3311: checking dependency style of gcc
configure:3422: result: gcc3
configure:3437: checking whether ln -s works
configure:3441: result: yes
configure:3562: checking that generated files are newer than configure
configure:3568: result: done
configure:3591: creating ./config.status

## ---------------------- ##
## Running config.status. ##
## ---------------------- ##

This file was extended by utdns config.status 1.0.rUnversioned directory, which was
generated by GNU Autoconf 2.69.  Invocation command line was

  CONFIG_FILES    = 
  CONFIG_HEADERS  = 
  CONFIG_LINKS    = 
  CONFIG_COMMANDS = 
  $ ./config.status 

on peterck

config.status:841: creating Makefile
config.status:841: creating src/Makefile
config.status:841: creating config.h
config.status:1070: executing depfiles commands

## ---------------- ##
## Cache variables. ##
## ---------------- ##

ac_cv_c_compiler_gnu=yes
ac_cv_env_CC_set=
ac_cv_env_CC_value=
ac_cv_env_CFLAGS_set=
ac_cv_env_CFLAGS_value=
ac_cv_env_CPPFLAGS_set=
ac_cv_env_CPPFLAGS_value=
ac_cv_env_LDFLAGS_set=
ac_cv_env_LDFLAGS_value=
ac_cv_env_LIBS_set=
ac_cv_env_LIBS_value=
ac_cv_env_build_alias_set=
ac_cv_env_build_alias_value=
ac_cv_env_host_alias_set=
ac_cv_env_host_alias_value=
ac_cv_env_target_alias_set=
ac_cv_env_target_alias_value=
ac_cv_objext=o
ac_cv_path_install='/usr/bin/install -c'
ac_cv_path_mkdir=/usr/bin/mkdir
ac_cv_prog_AWK=gawk
ac_cv_prog_ac_ct_CC=gcc
ac_cv_prog_cc_c89=
ac_cv_prog_cc_g=yes
ac_cv_prog_make_make_set=yes
am_cv_CC_dependencies_compiler_type=gcc3
am_cv_make_support_nested_variables=yes
am_cv_prog_cc_c_o=yes

## ----------------- ##
## Output variables. ##
## ----------------- ##

ACLOCAL='${SHELL} /home/peter/builds/utdns/missing aclocal-1.15'
AMDEPBACKSLASH='\'
AMDEP_FALSE='#'
AMDEP_TRUE=''
AMTAR='$${TAR-tar}'
AM_BACKSLASH='\'
AM_DEFAULT_V='$(AM_DEFAULT_VERBOSITY)'
AM_DEFAULT_VERBOSITY='1'
AM_V='$(V)'
AUTOCONF='${SHELL} /home/peter/builds/utdns/missing autoconf'
AUTOHEADER='${SHELL} /home/peter/builds/utdns/missing autoheader'
AUTOMAKE='${SHELL} /home/peter/builds/utdns/missing automake-1.15'
AWK='gawk'
CC='gcc'
CCDEPMODE='depmode=gcc3'
CFLAGS=' -Wall -Wextra'
CPPFLAGS=''
CYGPATH_W='echo'
DEFS='-DHAVE_CONFIG_H'
DEPDIR='.deps'
ECHO_C=''
ECHO_N='-n'
ECHO_T=''
EXEEXT=''
INSTALL_DATA='${INSTALL} -m 644'
INSTALL_PROGRAM='${INSTALL}'
INSTALL_SCRIPT='${INSTALL}'
INSTALL_STRIP_PROGRAM='$(install_sh) -c -s'
LDFLAGS=''
LIBOBJS=''
LIBS=''
LN_S='ln -s'
LTLIBOBJS=''
MAKEINFO='${SHELL} /home/peter/builds/utdns/missing makeinfo'
MKDIR_P='/usr/bin/mkdir -p'
OBJEXT='o'
PACKAGE='utdns'
PACKAGE_BUGREPORT='bf@abenteuerland.at'
PACKAGE_NAME='utdns'
PACKAGE_STRING='utdns 1.0.rUnversioned directory'
PACKAGE_TARNAME='utdns'
PACKAGE_URL=''
PACKAGE_VERSION='1.0.rUnversioned directory'
PATH_SEPARATOR=':'
SET_MAKE=''
SHELL='/bin/sh'
STRIP=''
VERSION='1.0.rUnversioned directory'
ac_ct_CC='gcc'
am__EXEEXT_FALSE=''
am__EXEEXT_TRUE='#'
am__fastdepCC_FALSE='#'
am__fastdepCC_TRUE=''
am__include='include'
am__isrc=''
am__leading_dot='.'
am__nodep='_no'
am__quote=''
am__tar='$${TAR-tar} chof - "$$tardir"'
am__untar='$${TAR-tar} xf -'
bindir='${exec_prefix}/bin'
build_alias=''
datadir='${datarootdir}'
datarootdir='${prefix}/share'
docdir='${datarootdir}/doc/${PACKAGE_TARNAME}'
dvidir='${docdir}'
exec_prefix='${prefix}'
host_alias=''
htmldir='${docdir}'
includedir='${prefix}/include'
infodir='${datarootdir}/info'
install_sh='${SHELL} /home/peter/builds/utdns/install-sh'
libdir='${exec_prefix}/lib'
libexecdir='${exec_prefix}/libexec'
localedir='${datarootdir}/locale'
localstatedir='${prefix}/var'
mandir='${datarootdir}/man'
mkdir_p='$(MKDIR_P)'
oldincludedir='/usr/include'
pdfdir='${docdir}'
prefix='/usr/local'
program_transform_name='s,x,x,'
psdir='${docdir}'
sbindir='${exec_prefix}/sbin'
sharedstatedir='${prefix}/com'
sysconfdir='${prefix}/etc'
target_alias=''

## ----------- ##
## confdefs.h. ##
## ----------- ##

/* confdefs.h */
#define PACKAGE_NAME "utdns"
#define PACKAGE_TARNAME "utdns"
#define PACKAGE_VERSION "1.0.rUnversioned directory"
#define PACKAGE_STRING "utdns 1.0.rUnversioned directory"
#define PACKAGE_BUGREPORT "bf@abenteuerland.at"
#define PACKAGE_URL ""
#define PACKAGE "utdns"
#define VERSION "1.0.rUnversioned directory"

configure: exit 0

## ---------------------- ##
## Running config.status. ##
## ---------------------- ##

This file was extended by utdns config.status 1.0.rUnversioned directory, which was
generated by GNU Autoconf 2.69.  Invocation command line was

  CONFIG_FILES    = 
  CONFIG_HEADERS  = 
  CONFIG_LINKS    = 
  CONFIG_COMMANDS = 
  $ ./config.status config.h

on peterck

config.status:841: creating config.h
config.status:1022: config.h is unchanged
